<?xml version="1.0" encoding="UTF-8"?>
<!-- Generated by org.testng.reporters.JUnitReportReporter -->
<testsuite hostname="DESKTOP-7SLCDT6" failures="0" tests="4" name="Frameworks.prog" time="3.153" errors="0" timestamp="2024-01-11T13:43:01 IST" skipped="0">
  <testcase classname="Frameworks.prog" name="Hrm" time="3.136"/>
  <testcase classname="Frameworks.prog" name="title" time="0.008"/>
  <testcase classname="Frameworks.prog" name="url" time="0.008"/>
  <testcase classname="Frameworks.prog" name="ab" time="0.001"/>
</testsuite> <!-- Frameworks.prog -->
