<?xml version="1.0" encoding="UTF-8"?>
<!-- Generated by org.testng.reporters.JUnitReportReporter -->
<testsuite hostname="DESKTOP-7SLCDT6" failures="0" tests="2" name="Frameworks.grup" time="0.008" errors="0" timestamp="2024-01-10T20:19:06 IST" skipped="0">
  <testcase classname="Frameworks.grup" name="bc" time="0.001"/>
  <testcase classname="Frameworks.grup" name="ab" time="0.007"/>
</testsuite> <!-- Frameworks.grup -->
