<?xml version="1.0" encoding="UTF-8"?>
<!-- Generated by org.testng.reporters.JUnitReportReporter -->
<testsuite hostname="DESKTOP-7SLCDT6" failures="0" tests="1" name="Excel.fb" time="4.883" errors="0" timestamp="2024-01-04T13:04:41 IST" skipped="0">
  <testcase classname="Excel.fb" name="ab" time="4.883"/>
</testsuite> <!-- Excel.fb -->
