<?xml version="1.0" encoding="UTF-8"?>
<!-- Generated by org.testng.reporters.JUnitReportReporter -->
<testsuite hostname="DESKTOP-7SLCDT6" failures="0" tests="3" name="Frameworks.anolog" time="14.043" errors="0" timestamp="2024-01-12T10:37:33 IST" skipped="0">
  <testcase classname="Frameworks.anolog" name="off" time="4.431"/>
  <testcase classname="Frameworks.anolog" name="tikt" time="5.361"/>
  <testcase classname="Frameworks.anolog" name="home" time="4.251"/>
</testsuite> <!-- Frameworks.anolog -->
