<?xml version="1.0" encoding="UTF-8"?>
<!-- Generated by org.testng.reporters.JUnitReportReporter -->
<testsuite hostname="DESKTOP-7SLCDT6" failures="0" tests="7" name="Frameworks.program1" time="0.022" errors="0" timestamp="2024-01-11T13:33:24 IST" skipped="0">
  <testcase classname="Frameworks.program1" name="c" time="0.007"/>
  <testcase classname="Frameworks.program1" name="a" time="0.003"/>
  <testcase classname="Frameworks.program1" name="b" time="0.002"/>
  <testcase classname="Frameworks.program1" name="f" time="0.003"/>
  <testcase classname="Frameworks.program1" name="d" time="0.002"/>
  <testcase classname="Frameworks.program1" name="g" time="0.002"/>
  <testcase classname="Frameworks.program1" name="e" time="0.003"/>
</testsuite> <!-- Frameworks.program1 -->
