<?xml version="1.0" encoding="UTF-8"?>
<!-- Generated by org.testng.reporters.JUnitReportReporter -->
<testsuite hostname="DESKTOP-7SLCDT6" failures="0" tests="5" name="Frameworks.priority" time="3.417" errors="0" timestamp="2024-01-10T16:39:07 IST" skipped="0">
  <testcase classname="Frameworks.priority" name="Hrm" time="2.542"/>
  <testcase classname="Frameworks.priority" name="ab" time="0.004"/>
  <testcase classname="Frameworks.priority" name="url" time="0.006"/>
  <testcase classname="Frameworks.priority" name="title" time="0.749"/>
  <testcase classname="Frameworks.priority" name="exit" time="0.116"/>
</testsuite> <!-- Frameworks.priority -->
