<?xml version="1.0" encoding="UTF-8"?>
<!-- Generated by org.testng.reporters.JUnitReportReporter -->
<testsuite hostname="DESKTOP-7SLCDT6" failures="0" tests="7" name="Frameworks.befafe" time="0.021" errors="0" timestamp="2024-01-10T17:25:20 IST" skipped="0">
  <testcase classname="Frameworks.befafe" name="test" time="0.005"/>
  <testcase classname="Frameworks.befafe" name="test" time="0.002"/>
  <testcase classname="Frameworks.befafe" name="test" time="0.003"/>
  <testcase classname="Frameworks.befafe" name="test" time="0.004"/>
  <testcase classname="Frameworks.befafe" name="test" time="0.003"/>
  <testcase classname="Frameworks.befafe" name="test" time="0.001"/>
  <testcase classname="Frameworks.befafe" name="test" time="0.003"/>
</testsuite> <!-- Frameworks.befafe -->
